<?xml version="1.0" encoding="UTF-8"?>
<testsuites name="jest tests" tests="4" failures="0" time="0.283">
  <testsuite name="Funkcja colorizeElement" errors="0" failures="0" skipped="0" timestamp="2023-02-03T12:04:07" time="0.276" tests="4">
    <testcase classname="Funkcja colorizeElement powinien zwrócić element HTML" name="Funkcja colorizeElement powinien zwrócić element HTML" time="0.002">
    </testcase>
    <testcase classname="Funkcja colorizeElement powinien zwrócić nowy element z klasą new-class" name="Funkcja colorizeElement powinien zwrócić nowy element z klasą new-class" time="0.001">
    </testcase>
    <testcase classname="Funkcja colorizeElement powinien zwrócić element z poprawnie ustawionym atrybutem data-tag" name="Funkcja colorizeElement powinien zwrócić element z poprawnie ustawionym atrybutem data-tag" time="0.001">
    </testcase>
    <testcase classname="Funkcja colorizeElement powinien zwrócić element z poprawnymi stylami" name="Funkcja colorizeElement powinien zwrócić element z poprawnymi stylami" time="0.01">
    </testcase>
  </testsuite>
</testsuites>